<?xml version="1.0" encoding="UTF-8"?>
<!-- Generated by org.testng.reporters.JUnitReportReporter -->
<testsuite hostname="DESKTOP-696G7VD" failures="0" tests="4" name="api.test.UserTests" time="11.739" errors="0" timestamp="2024-01-10T09:59:55 IST" skipped="0">
  <testcase classname="api.test.UserTests" name="testPostUser" time="6.525"/>
  <testcase classname="api.test.UserTests" name="testGetUserByName" time="1.370"/>
  <testcase classname="api.test.UserTests" name="testUpdateUserByName" time="2.643"/>
  <testcase classname="api.test.UserTests" name="testDeleteUserByName" time="1.201"/>
</testsuite> <!-- api.test.UserTests -->
