<?xml version="1.0" encoding="UTF-8"?>
<!-- Generated by org.testng.reporters.JUnitReportReporter -->
<testsuite hostname="DESKTOP-696G7VD" failures="0" tests="4" name="api.test.UserTests2" time="11.696" errors="0" timestamp="2024-01-11T05:46:50 IST" skipped="0">
  <testcase classname="api.test.UserTests2" name="testPostUser" time="6.338"/>
  <testcase classname="api.test.UserTests2" name="testGetUserByName" time="1.370"/>
  <testcase classname="api.test.UserTests2" name="testUpdateUserByName" time="2.617"/>
  <testcase classname="api.test.UserTests2" name="testDeleteUserByName" time="1.371"/>
</testsuite> <!-- api.test.UserTests2 -->
