<?xml version="1.0" encoding="UTF-8"?>
<!-- Generated by org.testng.reporters.JUnitReportReporter -->
<testsuite hostname="DESKTOP-696G7VD" failures="0" tests="9" name="api.test.DDTests" time="14.568" errors="0" timestamp="2024-01-10T09:59:55 IST" skipped="0">
  <testcase classname="api.test.DDTests" name="testPostuser" time="1.316"/>
  <testcase classname="api.test.DDTests" name="testPostuser" time="1.888"/>
  <testcase classname="api.test.DDTests" name="testPostuser" time="3.118"/>
  <testcase classname="api.test.DDTests" name="testGetUserByName" time="1.209"/>
  <testcase classname="api.test.DDTests" name="testGetUserByName" time="1.234"/>
  <testcase classname="api.test.DDTests" name="testGetUserByName" time="1.280"/>
  <testcase classname="api.test.DDTests" name="testDeleteUserByName" time="1.314"/>
  <testcase classname="api.test.DDTests" name="testDeleteUserByName" time="1.331"/>
  <testcase classname="api.test.DDTests" name="testDeleteUserByName" time="1.878"/>
</testsuite> <!-- api.test.DDTests -->
